#
# There is insufficient memory for the Java Runtime Environment to continue.
# Native memory allocation (malloc) failed to allocate 41296 bytes for Chunk::new
# Possible reasons:
#   The system is out of physical RAM or swap space
#   The process is running with CompressedOops enabled, and the Java Heap may be blocking the growth of the native heap
# Possible solutions:
#   Reduce memory load on the system
#   Increase physical memory or swap space
#   Check if swap backing store is full
#   Decrease Java heap size (-Xmx/-Xms)
#   Decrease number of Java threads
#   Decrease Java thread stack sizes (-Xss)
#   Set larger code cache with -XX:ReservedCodeCacheSize=
#   JVM is running with Unscaled Compressed Oops mode in which the Java heap is
#     placed in the first 4GB address space. The Java Heap base address is the
#     maximum limit for the native heap growth. Please use -XX:HeapBaseMinAddress
#     to set the Java Heap base and to place the Java Heap above 4GB virtual address.
# This output file may be truncated or incomplete.
#
#  Out of Memory Error (./src/hotspot/share/memory/arena.cpp:197), pid=24520, tid=7232
#
# JRE version: OpenJDK Runtime Environment JBR-11.0.9.1.11-1145.63-jcef (11.0.9.1+11) (build 11.0.9.1+11-b1145.63)
# Java VM: OpenJDK 64-Bit Server VM JBR-11.0.9.1.11-1145.63-jcef (11.0.9.1+11-b1145.63, mixed mode, tiered, compressed oops, g1 gc, windows-amd64)
# No core dump will be written. Minidumps are not enabled by default on client versions of Windows
#

---------------  S U M M A R Y ------------

Command Line: --add-opens=java.base/java.util=ALL-UNNAMED --add-opens=java.base/java.lang=ALL-UNNAMED --add-opens=java.base/java.lang.invoke=ALL-UNNAMED --add-opens=java.prefs/java.util.prefs=ALL-UNNAMED -Xmx2048m -Dfile.encoding=windows-1250 -Duser.country=PL -Duser.language=pl -Duser.variant org.gradle.launcher.daemon.bootstrap.GradleDaemon 6.1.1

Host: Intel(R) Core(TM) i7-6700HQ CPU @ 2.60GHz, 8 cores, 15G,  Windows 10 , 64 bit Build 19041 (10.0.19041.804)
Time: Fri Mar 26 01:21:52 2021 Œrodkowoeuropejski czas stand. elapsed time: 717.020356 seconds (0d 0h 11m 57s)

---------------  T H R E A D  ---------------

Current thread (0x000002b081b56800):  JavaThread "C2 CompilerThread2" daemon [_thread_in_native, id=7232, stack(0x000000c2d6300000,0x000000c2d6400000)]


Current CompileTask:
C2: 717020 18171   !   4       java.util.zip.ZipFile$ZipEntryIterator::next (76 bytes)

Stack: [0x000000c2d6300000,0x000000c2d6400000]
Native frames: (J=compiled Java code, j=interpreted, Vv=VM code, C=native code)
V  [jvm.dll+0x5edd9a]
V  [jvm.dll+0x7229c5]
V  [jvm.dll+0x723f1d]
V  [jvm.dll+0x7245d3]
V  [jvm.dll+0x2431b8]
V  [jvm.dll+0xbc34c]
V  [jvm.dll+0xbc84c]
V  [jvm.dll+0x4eab2d]
V  [jvm.dll+0x1985f1]
V  [jvm.dll+0x1fc11e]
V  [jvm.dll+0x1fb1e4]
V  [jvm.dll+0x183aac]
V  [jvm.dll+0x209957]
V  [jvm.dll+0x2081a1]
V  [jvm.dll+0x6eb73f]
V  [jvm.dll+0x6e42d5]
V  [jvm.dll+0x5ecd46]
C  [ucrtbase.dll+0x21bb2]
C  [KERNEL32.DLL+0x17034]
C  [ntdll.dll+0x52651]


---------------  P R O C E S S  ---------------

Threads class SMR info:
_java_thread_list=0x000002b0fa10e350, length=24, elements={
0x000002b0dabef800, 0x000002b0f51ac800, 0x000002b0f51ae000, 0x000002b0f5a08000,
0x000002b0f5a09000, 0x000002b0f5a0a000, 0x000002b0f5a50800, 0x000002b0f5a56800,
0x000002b0f5be5800, 0x000002b0f5bec800, 0x000002b0f760a000, 0x000002b0f765c000,
0x000002b0f7a16000, 0x000002b0f7afc800, 0x000002b0f7afe000, 0x000002b0f7aff000,
0x000002b0f7b01800, 0x000002b0f7aff800, 0x000002b0fa7df800, 0x000002b0fd812000,
0x000002b0fd80c000, 0x000002b0f9e3f800, 0x000002b080c5d800, 0x000002b081b56800
}

Java Threads: ( => current thread )
  0x000002b0dabef800 JavaThread "main" [_thread_blocked, id=15816, stack(0x000000c2d2c00000,0x000000c2d2d00000)]
  0x000002b0f51ac800 JavaThread "Reference Handler" daemon [_thread_blocked, id=14388, stack(0x000000c2d3300000,0x000000c2d3400000)]
  0x000002b0f51ae000 JavaThread "Finalizer" daemon [_thread_blocked, id=20600, stack(0x000000c2d3400000,0x000000c2d3500000)]
  0x000002b0f5a08000 JavaThread "Signal Dispatcher" daemon [_thread_blocked, id=2368, stack(0x000000c2d3500000,0x000000c2d3600000)]
  0x000002b0f5a09000 JavaThread "Attach Listener" daemon [_thread_blocked, id=22804, stack(0x000000c2d3600000,0x000000c2d3700000)]
  0x000002b0f5a0a000 JavaThread "C2 CompilerThread0" daemon [_thread_blocked, id=16492, stack(0x000000c2d3700000,0x000000c2d3800000)]
  0x000002b0f5a50800 JavaThread "C1 CompilerThread0" daemon [_thread_blocked, id=24080, stack(0x000000c2d3800000,0x000000c2d3900000)]
  0x000002b0f5a56800 JavaThread "Sweeper thread" daemon [_thread_blocked, id=10584, stack(0x000000c2d3900000,0x000000c2d3a00000)]
  0x000002b0f5be5800 JavaThread "Common-Cleaner" daemon [_thread_blocked, id=2424, stack(0x000000c2d3a00000,0x000000c2d3b00000)]
  0x000002b0f5bec800 JavaThread "Service Thread" daemon [_thread_blocked, id=16916, stack(0x000000c2d3b00000,0x000000c2d3c00000)]
  0x000002b0f760a000 JavaThread "Daemon health stats" [_thread_blocked, id=5724, stack(0x000000c2d4300000,0x000000c2d4400000)]
  0x000002b0f765c000 JavaThread "Incoming local TCP Connector on port 1184" [_thread_in_native, id=19060, stack(0x000000c2d3d00000,0x000000c2d3e00000)]
  0x000002b0f7a16000 JavaThread "Daemon periodic checks" [_thread_blocked, id=25320, stack(0x000000c2d4400000,0x000000c2d4500000)]
  0x000002b0f7afc800 JavaThread "Cache worker for journal cache (C:\Users\mrmro\.gradle\caches\journal-1)" [_thread_blocked, id=256, stack(0x000000c2d4c00000,0x000000c2d4d00000)]
  0x000002b0f7afe000 JavaThread "File lock request listener" [_thread_in_native, id=21644, stack(0x000000c2d4d00000,0x000000c2d4e00000)]
  0x000002b0f7aff000 JavaThread "Cache worker for file hash cache (C:\Users\mrmro\.gradle\caches\6.1.1\fileHashes)" [_thread_blocked, id=22108, stack(0x000000c2d4e00000,0x000000c2d4f00000)]
  0x000002b0f7b01800 JavaThread "Cache worker for execution history cache (C:\Users\mrmro\.gradle\caches\6.1.1\executionHistory)" [_thread_blocked, id=11420, stack(0x000000c2d5800000,0x000000c2d5900000)]
  0x000002b0f7aff800 JavaThread "Daemon Thread 3" [_thread_blocked, id=6872, stack(0x000000c2d2900000,0x000000c2d2a00000)]
  0x000002b0fa7df800 JavaThread "Daemon worker Thread 3" [_thread_blocked, id=14868, stack(0x000000c2d4500000,0x000000c2d4600000)]
  0x000002b0fd812000 JavaThread "Memory manager" [_thread_blocked, id=17248, stack(0x000000c2d6000000,0x000000c2d6100000)]
  0x000002b0fd80c000 JavaThread "Cache worker for file content cache (C:\Users\mrmro\.gradle\caches\6.1.1\fileContent)" [_thread_blocked, id=25572, stack(0x000000c2d6100000,0x000000c2d6200000)]
  0x000002b0f9e3f800 JavaThread "Cache worker for Java compile cache (C:\Users\mrmro\.gradle\caches\6.1.1\javaCompile)" [_thread_blocked, id=23296, stack(0x000000c2d8400000,0x000000c2d8500000)]
  0x000002b080c5d800 JavaThread "C2 CompilerThread1" daemon [_thread_blocked, id=16460, stack(0x000000c2d5500000,0x000000c2d5600000)]
=>0x000002b081b56800 JavaThread "C2 CompilerThread2" daemon [_thread_in_native, id=7232, stack(0x000000c2d6300000,0x000000c2d6400000)]

Other Threads:
  0x000002b0f51aa800 VMThread "VM Thread" [stack: 0x000000c2d3200000,0x000000c2d3300000] [id=9872]
  0x000002b0f5bed800 WatcherThread [stack: 0x000000c2d3c00000,0x000000c2d3d00000] [id=23096]
  0x000002b0dac07000 GCTaskThread "GC Thread#0" [stack: 0x000000c2d2d00000,0x000000c2d2e00000] [id=3804]
  0x000002b0f67da800 GCTaskThread "GC Thread#1" [stack: 0x000000c2d3e00000,0x000000c2d3f00000] [id=9576]
  0x000002b0f65b7000 GCTaskThread "GC Thread#2" [stack: 0x000000c2d3f00000,0x000000c2d4000000] [id=23044]
  0x000002b0f6600000 GCTaskThread "GC Thread#3" [stack: 0x000000c2d4000000,0x000000c2d4100000] [id=1932]
  0x000002b0f651e800 GCTaskThread "GC Thread#4" [stack: 0x000000c2d4100000,0x000000c2d4200000] [id=5396]
  0x000002b0f651f000 GCTaskThread "GC Thread#5" [stack: 0x000000c2d4200000,0x000000c2d4300000] [id=15920]
  0x000002b0f7b39800 GCTaskThread "GC Thread#6" [stack: 0x000000c2d4f00000,0x000000c2d5000000] [id=6496]
  0x000002b0f6ced000 GCTaskThread "GC Thread#7" [stack: 0x000000c2d5000000,0x000000c2d5100000] [id=10424]
  0x000002b0dac3a800 ConcurrentGCThread "G1 Main Marker" [stack: 0x000000c2d2e00000,0x000000c2d2f00000] [id=22492]
  0x000002b0dac3c000 ConcurrentGCThread "G1 Conc#0" [stack: 0x000000c2d2f00000,0x000000c2d3000000] [id=11212]
  0x000002b0f7b8b800 ConcurrentGCThread "G1 Conc#1" [stack: 0x000000c2d5100000,0x000000c2d5200000] [id=11288]
  0x000002b0f502a800 ConcurrentGCThread "G1 Refine#0" [stack: 0x000000c2d3000000,0x000000c2d3100000] [id=1984]
  0x000002b0f6812000 ConcurrentGCThread "G1 Refine#1" [stack: 0x000000c2d7400000,0x000000c2d7500000] [id=8772]
  0x000002b0f502b800 ConcurrentGCThread "G1 Young RemSet Sampling" [stack: 0x000000c2d3100000,0x000000c2d3200000] [id=13716]

Threads with active compile tasks:
C2 CompilerThread2 717239 18171   !   4       java.util.zip.ZipFile$ZipEntryIterator::next (76 bytes)

VM state:not at safepoint (normal execution)

VM Mutex/Monitor currently owned by a thread: None

OutOfMemory and StackOverflow Exception counts:
OutOfMemoryError java_heap_errors=1
LinkageErrors=206

Heap address: 0x0000000080000000, size: 2048 MB, Compressed Oops mode: 32-bit
Narrow klass base: 0x0000000000000000, Narrow klass shift: 3
Compressed class space size: 1073741824 Address: 0x0000000100000000

Heap:
 garbage-first heap   total 260096K, used 198370K [0x0000000080000000, 0x0000000100000000)
  region size 1024K, 87 young (89088K), 4 survivors (4096K)
 Metaspace       used 114377K, capacity 117796K, committed 117968K, reserved 1153024K
  class space    used 14066K, capacity 15180K, committed 15232K, reserved 1048576K
Heap Regions: E=young(eden), S=young(survivor), O=old, HS=humongous(starts), HC=humongous(continues), CS=collection set, F=free, A=archive, TAMS=top-at-mark-start (previous, next)
|   0|0x0000000080000000, 0x0000000080100000, 0x0000000080100000|100%|HS|  |TAMS 0x0000000080100000, 0x0000000080000000| Complete 
|   1|0x0000000080100000, 0x0000000080200000, 0x0000000080200000|100%|HC|  |TAMS 0x0000000080200000, 0x0000000080100000| Complete 
|   2|0x0000000080200000, 0x0000000080300000, 0x0000000080300000|100%| O|  |TAMS 0x0000000080300000, 0x0000000080200000| Untracked 
|   3|0x0000000080300000, 0x0000000080400000, 0x0000000080400000|100%|HS|  |TAMS 0x0000000080400000, 0x0000000080300000| Complete 
|   4|0x0000000080400000, 0x0000000080500000, 0x0000000080500000|100%|HC|  |TAMS 0x0000000080500000, 0x0000000080400000| Complete 
|   5|0x0000000080500000, 0x0000000080600000, 0x0000000080600000|100%|HC|  |TAMS 0x0000000080600000, 0x0000000080500000| Complete 
|   6|0x0000000080600000, 0x0000000080700000, 0x0000000080700000|100%| O|  |TAMS 0x0000000080700000, 0x0000000080600000| Untracked 
|   7|0x0000000080700000, 0x0000000080800000, 0x0000000080800000|100%| O|  |TAMS 0x0000000080800000, 0x0000000080700000| Untracked 
|   8|0x0000000080800000, 0x0000000080900000, 0x0000000080900000|100%| O|  |TAMS 0x0000000080900000, 0x0000000080800000| Untracked 
|   9|0x0000000080900000, 0x0000000080a00000, 0x0000000080a00000|100%|HS|  |TAMS 0x0000000080a00000, 0x0000000080900000| Complete 
|  10|0x0000000080a00000, 0x0000000080b00000, 0x0000000080b00000|100%|HC|  |TAMS 0x0000000080b00000, 0x0000000080a00000| Complete 
|  11|0x0000000080b00000, 0x0000000080c00000, 0x0000000080c00000|100%|HC|  |TAMS 0x0000000080c00000, 0x0000000080b00000| Complete 
|  12|0x0000000080c00000, 0x0000000080d00000, 0x0000000080d00000|100%|HS|  |TAMS 0x0000000080d00000, 0x0000000080c00000| Complete 
|  13|0x0000000080d00000, 0x0000000080e00000, 0x0000000080e00000|100%|HC|  |TAMS 0x0000000080e00000, 0x0000000080d00000| Complete 
|  14|0x0000000080e00000, 0x0000000080f00000, 0x0000000080f00000|100%|HC|  |TAMS 0x0000000080f00000, 0x0000000080e00000| Complete 
|  15|0x0000000080f00000, 0x0000000081000000, 0x0000000081000000|100%|HC|  |TAMS 0x0000000081000000, 0x0000000080f00000| Complete 
|  16|0x0000000081000000, 0x0000000081100000, 0x0000000081100000|100%| O|  |TAMS 0x0000000081100000, 0x0000000081000000| Untracked 
|  17|0x0000000081100000, 0x0000000081200000, 0x0000000081200000|100%| O|  |TAMS 0x0000000081200000, 0x0000000081100000| Untracked 
|  18|0x0000000081200000, 0x0000000081300000, 0x0000000081300000|100%| O|  |TAMS 0x0000000081300000, 0x0000000081200000| Untracked 
|  19|0x0000000081300000, 0x0000000081400000, 0x0000000081400000|100%| O|  |TAMS 0x0000000081400000, 0x0000000081300000| Untracked 
|  20|0x0000000081400000, 0x0000000081500000, 0x0000000081500000|100%| O|  |TAMS 0x0000000081500000, 0x0000000081400000| Untracked 
|  21|0x0000000081500000, 0x0000000081600000, 0x0000000081600000|100%| O|  |TAMS 0x0000000081600000, 0x0000000081500000| Untracked 
|  22|0x0000000081600000, 0x0000000081700000, 0x0000000081700000|100%| O|  |TAMS 0x0000000081700000, 0x0000000081600000| Untracked 
|  23|0x0000000081700000, 0x0000000081800000, 0x0000000081800000|100%| O|  |TAMS 0x0000000081800000, 0x0000000081700000| Untracked 
|  24|0x0000000081800000, 0x0000000081900000, 0x0000000081900000|100%| O|  |TAMS 0x0000000081900000, 0x0000000081800000| Untracked 
|  25|0x0000000081900000, 0x0000000081a00000, 0x0000000081a00000|100%|HS|  |TAMS 0x0000000081a00000, 0x0000000081900000| Complete 
|  26|0x0000000081a00000, 0x0000000081b00000, 0x0000000081b00000|100%|HC|  |TAMS 0x0000000081b00000, 0x0000000081a00000| Complete 
|  27|0x0000000081b00000, 0x0000000081c00000, 0x0000000081c00000|100%|HC|  |TAMS 0x0000000081c00000, 0x0000000081b00000| Complete 
|  28|0x0000000081c00000, 0x0000000081d00000, 0x0000000081d00000|100%|HS|  |TAMS 0x0000000081d00000, 0x0000000081c00000| Complete 
|  29|0x0000000081d00000, 0x0000000081e00000, 0x0000000081e00000|100%|HC|  |TAMS 0x0000000081e00000, 0x0000000081d00000| Complete 
|  30|0x0000000081e00000, 0x0000000081f00000, 0x0000000081f00000|100%| O|  |TAMS 0x0000000081f00000, 0x0000000081e00000| Untracked 
|  31|0x0000000081f00000, 0x0000000082000000, 0x0000000082000000|100%| O|  |TAMS 0x0000000082000000, 0x0000000081f00000| Untracked 
|  32|0x0000000082000000, 0x0000000082100000, 0x0000000082100000|100%| O|  |TAMS 0x0000000082100000, 0x0000000082000000| Untracked 
|  33|0x0000000082100000, 0x0000000082200000, 0x0000000082200000|100%| O|  |TAMS 0x0000000082200000, 0x0000000082100000| Untracked 
|  34|0x0000000082200000, 0x0000000082300000, 0x0000000082300000|100%| O|  |TAMS 0x0000000082300000, 0x0000000082200000| Untracked 
|  35|0x0000000082300000, 0x0000000082400000, 0x0000000082400000|100%| O|  |TAMS 0x0000000082400000, 0x0000000082300000| Untracked 
|  36|0x0000000082400000, 0x0000000082500000, 0x0000000082500000|100%| O|  |TAMS 0x0000000082500000, 0x0000000082400000| Untracked 
|  37|0x0000000082500000, 0x0000000082600000, 0x0000000082600000|100%| O|  |TAMS 0x0000000082600000, 0x0000000082500000| Untracked 
|  38|0x0000000082600000, 0x0000000082700000, 0x0000000082700000|100%| O|  |TAMS 0x0000000082700000, 0x0000000082600000| Untracked 
|  39|0x0000000082700000, 0x0000000082800000, 0x0000000082800000|100%| O|  |TAMS 0x0000000082800000, 0x0000000082700000| Untracked 
|  40|0x0000000082800000, 0x0000000082900000, 0x0000000082900000|100%| O|  |TAMS 0x0000000082900000, 0x0000000082800000| Untracked 
|  41|0x0000000082900000, 0x0000000082a00000, 0x0000000082a00000|100%| O|  |TAMS 0x0000000082a00000, 0x0000000082900000| Untracked 
|  42|0x0000000082a00000, 0x0000000082b00000, 0x0000000082b00000|100%| O|  |TAMS 0x0000000082b00000, 0x0000000082a00000| Untracked 
|  43|0x0000000082b00000, 0x0000000082c00000, 0x0000000082c00000|100%| O|  |TAMS 0x0000000082c00000, 0x0000000082b00000| Untracked 
|  44|0x0000000082c00000, 0x0000000082d00000, 0x0000000082d00000|100%| O|  |TAMS 0x0000000082d00000, 0x0000000082c00000| Untracked 
|  45|0x0000000082d00000, 0x0000000082e00000, 0x0000000082e00000|100%| O|  |TAMS 0x0000000082e00000, 0x0000000082d00000| Untracked 
|  46|0x0000000082e00000, 0x0000000082f00000, 0x0000000082f00000|100%| O|  |TAMS 0x0000000082f00000, 0x0000000082e00000| Untracked 
|  47|0x0000000082f00000, 0x0000000083000000, 0x0000000083000000|100%| O|  |TAMS 0x0000000083000000, 0x0000000082f00000| Untracked 
|  48|0x0000000083000000, 0x0000000083100000, 0x0000000083100000|100%| O|  |TAMS 0x0000000083100000, 0x0000000083000000| Untracked 
|  49|0x0000000083100000, 0x0000000083200000, 0x0000000083200000|100%| O|  |TAMS 0x0000000083200000, 0x0000000083100000| Untracked 
|  50|0x0000000083200000, 0x0000000083300000, 0x0000000083300000|100%| O|  |TAMS 0x0000000083300000, 0x0000000083200000| Untracked 
|  51|0x0000000083300000, 0x0000000083400000, 0x0000000083400000|100%| O|  |TAMS 0x0000000083400000, 0x0000000083300000| Untracked 
|  52|0x0000000083400000, 0x0000000083500000, 0x0000000083500000|100%| O|  |TAMS 0x0000000083500000, 0x0000000083400000| Untracked 
|  53|0x0000000083500000, 0x0000000083600000, 0x0000000083600000|100%| O|  |TAMS 0x0000000083600000, 0x0000000083500000| Untracked 
|  54|0x0000000083600000, 0x0000000083700000, 0x0000000083700000|100%| O|  |TAMS 0x0000000083700000, 0x0000000083600000| Untracked 
|  55|0x0000000083700000, 0x0000000083800000, 0x0000000083800000|100%| O|  |TAMS 0x0000000083800000, 0x0000000083700000| Untracked 
|  56|0x0000000083800000, 0x0000000083900000, 0x0000000083900000|100%| O|  |TAMS 0x0000000083900000, 0x0000000083800000| Untracked 
|  57|0x0000000083900000, 0x0000000083a00000, 0x0000000083a00000|100%| O|  |TAMS 0x0000000083a00000, 0x0000000083900000| Untracked 
|  58|0x0000000083a00000, 0x0000000083b00000, 0x0000000083b00000|100%| O|  |TAMS 0x0000000083b00000, 0x0000000083a00000| Untracked 
|  59|0x0000000083b00000, 0x0000000083c00000, 0x0000000083c00000|100%| O|  |TAMS 0x0000000083c00000, 0x0000000083b00000| Untracked 
|  60|0x0000000083c00000, 0x0000000083d00000, 0x0000000083d00000|100%| O|  |TAMS 0x0000000083d00000, 0x0000000083c00000| Untracked 
|  61|0x0000000083d00000, 0x0000000083e00000, 0x0000000083e00000|100%| O|  |TAMS 0x0000000083e00000, 0x0000000083d00000| Untracked 
|  62|0x0000000083e00000, 0x0000000083f00000, 0x0000000083f00000|100%| O|  |TAMS 0x0000000083f00000, 0x0000000083e00000| Untracked 
|  63|0x0000000083f00000, 0x0000000084000000, 0x0000000084000000|100%| O|  |TAMS 0x0000000084000000, 0x0000000083f00000| Untracked 
|  64|0x0000000084000000, 0x0000000084100000, 0x0000000084100000|100%| O|  |TAMS 0x0000000084100000, 0x0000000084000000| Untracked 
|  65|0x0000000084100000, 0x0000000084200000, 0x0000000084200000|100%| O|  |TAMS 0x0000000084200000, 0x0000000084100000| Untracked 
|  66|0x0000000084200000, 0x0000000084300000, 0x0000000084300000|100%| O|  |TAMS 0x0000000084300000, 0x0000000084200000| Untracked 
|  67|0x0000000084300000, 0x0000000084400000, 0x0000000084400000|100%| O|  |TAMS 0x0000000084400000, 0x0000000084300000| Untracked 
|  68|0x0000000084400000, 0x0000000084500000, 0x0000000084500000|100%| O|  |TAMS 0x0000000084500000, 0x0000000084400000| Untracked 
|  69|0x0000000084500000, 0x0000000084600000, 0x0000000084600000|100%| O|  |TAMS 0x0000000084600000, 0x0000000084500000| Untracked 
|  70|0x0000000084600000, 0x0000000084700000, 0x0000000084700000|100%| O|  |TAMS 0x0000000084700000, 0x0000000084600000| Untracked 
|  71|0x0000000084700000, 0x0000000084800000, 0x0000000084800000|100%| O|  |TAMS 0x0000000084800000, 0x0000000084700000| Untracked 
|  72|0x0000000084800000, 0x0000000084900000, 0x0000000084900000|100%| O|  |TAMS 0x0000000084900000, 0x0000000084800000| Untracked 
|  73|0x0000000084900000, 0x0000000084a00000, 0x0000000084a00000|100%| O|  |TAMS 0x0000000084a00000, 0x0000000084900000| Untracked 
|  74|0x0000000084a00000, 0x0000000084b00000, 0x0000000084b00000|100%| O|  |TAMS 0x0000000084b00000, 0x0000000084a00000| Untracked 
|  75|0x0000000084b00000, 0x0000000084c00000, 0x0000000084c00000|100%| O|  |TAMS 0x0000000084c00000, 0x0000000084b00000| Untracked 
|  76|0x0000000084c00000, 0x0000000084d00000, 0x0000000084d00000|100%| O|  |TAMS 0x0000000084d00000, 0x0000000084c00000| Untracked 
|  77|0x0000000084d00000, 0x0000000084e00000, 0x0000000084e00000|100%| O|  |TAMS 0x0000000084def600, 0x0000000084d00000| Untracked 
|  78|0x0000000084e00000, 0x0000000084f00000, 0x0000000084f00000|100%| O|  |TAMS 0x0000000084e00000, 0x0000000084e00000| Untracked 
|  79|0x0000000084f00000, 0x0000000085000000, 0x0000000085000000|100%| O|  |TAMS 0x0000000084f00000, 0x0000000084f00000| Untracked 
|  80|0x0000000085000000, 0x0000000085100000, 0x0000000085100000|100%| O|  |TAMS 0x0000000085000000, 0x0000000085000000| Untracked 
|  81|0x0000000085100000, 0x0000000085200000, 0x0000000085200000|100%| O|  |TAMS 0x0000000085100000, 0x0000000085100000| Untracked 
|  82|0x0000000085200000, 0x0000000085300000, 0x0000000085300000|100%| O|  |TAMS 0x0000000085200000, 0x0000000085200000| Untracked 
|  83|0x0000000085300000, 0x0000000085400000, 0x0000000085400000|100%| O|  |TAMS 0x0000000085300000, 0x0000000085300000| Untracked 
|  84|0x0000000085400000, 0x0000000085500000, 0x0000000085500000|100%| O|  |TAMS 0x0000000085400000, 0x0000000085400000| Untracked 
|  85|0x0000000085500000, 0x0000000085500000, 0x0000000085600000|  0%| F|  |TAMS 0x0000000085500000, 0x0000000085500000| Untracked 
|  86|0x0000000085600000, 0x0000000085600000, 0x0000000085700000|  0%| F|  |TAMS 0x0000000085600000, 0x0000000085600000| Untracked 
|  87|0x0000000085700000, 0x0000000085800000, 0x0000000085800000|100%| O|  |TAMS 0x0000000085700000, 0x0000000085700000| Untracked 
|  88|0x0000000085800000, 0x0000000085900000, 0x0000000085900000|100%| O|  |TAMS 0x0000000085800000, 0x0000000085800000| Untracked 
|  89|0x0000000085900000, 0x0000000085a00000, 0x0000000085a00000|100%| O|  |TAMS 0x0000000085900000, 0x0000000085900000| Untracked 
|  90|0x0000000085a00000, 0x0000000085b00000, 0x0000000085b00000|100%| O|  |TAMS 0x0000000085a00000, 0x0000000085a00000| Untracked 
|  91|0x0000000085b00000, 0x0000000085c00000, 0x0000000085c00000|100%| O|  |TAMS 0x0000000085b00000, 0x0000000085b00000| Untracked 
|  92|0x0000000085c00000, 0x0000000085d00000, 0x0000000085d00000|100%| O|  |TAMS 0x0000000085c00000, 0x0000000085c00000| Untracked 
|  93|0x0000000085d00000, 0x0000000085e00000, 0x0000000085e00000|100%| O|  |TAMS 0x0000000085d00000, 0x0000000085d00000| Untracked 
|  94|0x0000000085e00000, 0x0000000085f00000, 0x0000000085f00000|100%| O|  |TAMS 0x0000000085e00000, 0x0000000085e00000| Untracked 
|  95|0x0000000085f00000, 0x0000000086000000, 0x0000000086000000|100%| O|  |TAMS 0x0000000085f00000, 0x0000000085f00000| Untracked 
|  96|0x0000000086000000, 0x0000000086100000, 0x0000000086100000|100%| O|  |TAMS 0x0000000086000000, 0x0000000086000000| Untracked 
|  97|0x0000000086100000, 0x0000000086200000, 0x0000000086200000|100%| O|  |TAMS 0x0000000086100000, 0x0000000086100000| Untracked 
|  98|0x0000000086200000, 0x0000000086300000, 0x0000000086300000|100%| O|  |TAMS 0x0000000086200000, 0x0000000086200000| Untracked 
|  99|0x0000000086300000, 0x0000000086400000, 0x0000000086400000|100%| O|  |TAMS 0x0000000086300000, 0x0000000086300000| Untracked 
| 100|0x0000000086400000, 0x0000000086500000, 0x0000000086500000|100%| O|  |TAMS 0x0000000086400000, 0x0000000086400000| Untracked 
| 101|0x0000000086500000, 0x0000000086600000, 0x0000000086600000|100%| O|  |TAMS 0x0000000086500000, 0x0000000086500000| Untracked 
| 102|0x0000000086600000, 0x0000000086700000, 0x0000000086700000|100%| O|  |TAMS 0x0000000086600000, 0x0000000086600000| Untracked 
| 103|0x0000000086700000, 0x0000000086800000, 0x0000000086800000|100%| O|  |TAMS 0x0000000086700000, 0x0000000086700000| Untracked 
| 104|0x0000000086800000, 0x0000000086900000, 0x0000000086900000|100%| O|  |TAMS 0x0000000086800000, 0x0000000086800000| Untracked 
| 105|0x0000000086900000, 0x0000000086a00000, 0x0000000086a00000|100%| O|  |TAMS 0x0000000086900000, 0x0000000086900000| Untracked 
| 106|0x0000000086a00000, 0x0000000086b00000, 0x0000000086b00000|100%| O|  |TAMS 0x0000000086a00000, 0x0000000086a00000| Untracked 
| 107|0x0000000086b00000, 0x0000000086c00000, 0x0000000086c00000|100%| O|  |TAMS 0x0000000086b00000, 0x0000000086b00000| Untracked 
| 108|0x0000000086c00000, 0x0000000086d00000, 0x0000000086d00000|100%| O|  |TAMS 0x0000000086c00000, 0x0000000086c00000| Untracked 
| 109|0x0000000086d00000, 0x0000000086e00000, 0x0000000086e00000|100%|HS|  |TAMS 0x0000000086d00000, 0x0000000086d00000| Complete 
| 110|0x0000000086e00000, 0x0000000086f00000, 0x0000000086f00000|100%|HC|  |TAMS 0x0000000086e00000, 0x0000000086e00000| Complete 
| 111|0x0000000086f00000, 0x0000000086f7b600, 0x0000000087000000| 48%| O|  |TAMS 0x0000000086f00000, 0x0000000086f00000| Untracked 
| 112|0x0000000087000000, 0x0000000087000000, 0x0000000087100000|  0%| F|  |TAMS 0x0000000087000000, 0x0000000087000000| Untracked 
| 113|0x0000000087100000, 0x0000000087100000, 0x0000000087200000|  0%| F|  |TAMS 0x0000000087100000, 0x0000000087100000| Untracked 
| 114|0x0000000087200000, 0x0000000087200000, 0x0000000087300000|  0%| F|  |TAMS 0x0000000087200000, 0x0000000087200000| Untracked 
| 115|0x0000000087300000, 0x0000000087300000, 0x0000000087400000|  0%| F|  |TAMS 0x0000000087300000, 0x0000000087300000| Untracked 
| 116|0x0000000087400000, 0x0000000087400000, 0x0000000087500000|  0%| F|  |TAMS 0x0000000087400000, 0x0000000087400000| Untracked 
| 117|0x0000000087500000, 0x0000000087500000, 0x0000000087600000|  0%| F|  |TAMS 0x0000000087500000, 0x0000000087500000| Untracked 
| 118|0x0000000087600000, 0x0000000087600000, 0x0000000087700000|  0%| F|  |TAMS 0x0000000087600000, 0x0000000087600000| Untracked 
| 119|0x0000000087700000, 0x0000000087700000, 0x0000000087800000|  0%| F|  |TAMS 0x0000000087700000, 0x0000000087700000| Untracked 
| 120|0x0000000087800000, 0x0000000087800000, 0x0000000087900000|  0%| F|  |TAMS 0x0000000087800000, 0x0000000087800000| Untracked 
| 121|0x0000000087900000, 0x0000000087900000, 0x0000000087a00000|  0%| F|  |TAMS 0x0000000087900000, 0x0000000087900000| Untracked 
| 122|0x0000000087a00000, 0x0000000087a00000, 0x0000000087b00000|  0%| F|  |TAMS 0x0000000087a00000, 0x0000000087a00000| Untracked 
| 123|0x0000000087b00000, 0x0000000087b00000, 0x0000000087c00000|  0%| F|  |TAMS 0x0000000087b00000, 0x0000000087b00000| Untracked 
| 124|0x0000000087c00000, 0x0000000087c00000, 0x0000000087d00000|  0%| F|  |TAMS 0x0000000087c00000, 0x0000000087c00000| Untracked 
| 125|0x0000000087d00000, 0x0000000087d00000, 0x0000000087e00000|  0%| F|  |TAMS 0x0000000087d00000, 0x0000000087d00000| Untracked 
| 126|0x0000000087e00000, 0x0000000087e00000, 0x0000000087f00000|  0%| F|  |TAMS 0x0000000087e00000, 0x0000000087e00000| Untracked 
| 127|0x0000000087f00000, 0x0000000087f00000, 0x0000000088000000|  0%| F|  |TAMS 0x0000000087f00000, 0x0000000087f00000| Untracked 
| 128|0x0000000088000000, 0x0000000088000000, 0x0000000088100000|  0%| F|  |TAMS 0x0000000088000000, 0x0000000088000000| Untracked 
| 129|0x0000000088100000, 0x0000000088100000, 0x0000000088200000|  0%| F|  |TAMS 0x0000000088100000, 0x0000000088100000| Untracked 
| 130|0x0000000088200000, 0x0000000088200000, 0x0000000088300000|  0%| F|  |TAMS 0x0000000088200000, 0x0000000088200000| Untracked 
| 131|0x0000000088300000, 0x0000000088300000, 0x0000000088400000|  0%| F|  |TAMS 0x0000000088300000, 0x0000000088300000| Untracked 
| 132|0x0000000088400000, 0x0000000088400000, 0x0000000088500000|  0%| F|  |TAMS 0x0000000088400000, 0x0000000088400000| Untracked 
| 133|0x0000000088500000, 0x0000000088500000, 0x0000000088600000|  0%| F|  |TAMS 0x0000000088500000, 0x0000000088500000| Untracked 
| 134|0x0000000088600000, 0x0000000088600000, 0x0000000088700000|  0%| F|  |TAMS 0x0000000088600000, 0x0000000088600000| Untracked 
| 135|0x0000000088700000, 0x0000000088700000, 0x0000000088800000|  0%| F|  |TAMS 0x0000000088700000, 0x0000000088700000| Untracked 
| 136|0x0000000088800000, 0x0000000088800000, 0x0000000088900000|  0%| F|  |TAMS 0x0000000088800000, 0x0000000088800000| Untracked 
| 137|0x0000000088900000, 0x0000000088900000, 0x0000000088a00000|  0%| F|  |TAMS 0x0000000088900000, 0x0000000088900000| Untracked 
| 138|0x0000000088a00000, 0x0000000088a00000, 0x0000000088b00000|  0%| F|  |TAMS 0x0000000088a00000, 0x0000000088a00000| Untracked 
| 139|0x0000000088b00000, 0x0000000088b00000, 0x0000000088c00000|  0%| F|  |TAMS 0x0000000088b00000, 0x0000000088b00000| Untracked 
| 140|0x0000000088c00000, 0x0000000088c00000, 0x0000000088d00000|  0%| F|  |TAMS 0x0000000088c00000, 0x0000000088c00000| Untracked 
| 141|0x0000000088d00000, 0x0000000088d00000, 0x0000000088e00000|  0%| F|  |TAMS 0x0000000088d00000, 0x0000000088d00000| Untracked 
| 142|0x0000000088e00000, 0x0000000088e00000, 0x0000000088f00000|  0%| F|  |TAMS 0x0000000088e00000, 0x0000000088e00000| Untracked 
| 143|0x0000000088f00000, 0x0000000088f00000, 0x0000000089000000|  0%| F|  |TAMS 0x0000000088f00000, 0x0000000088f00000| Untracked 
| 144|0x0000000089000000, 0x0000000089000000, 0x0000000089100000|  0%| F|  |TAMS 0x0000000089000000, 0x0000000089000000| Untracked 
| 145|0x0000000089100000, 0x0000000089100000, 0x0000000089200000|  0%| F|  |TAMS 0x0000000089100000, 0x0000000089100000| Untracked 
| 146|0x0000000089200000, 0x0000000089200000, 0x0000000089300000|  0%| F|  |TAMS 0x0000000089200000, 0x0000000089200000| Untracked 
| 147|0x0000000089300000, 0x0000000089300000, 0x0000000089400000|  0%| F|  |TAMS 0x0000000089300000, 0x0000000089300000| Untracked 
| 148|0x0000000089400000, 0x0000000089400000, 0x0000000089500000|  0%| F|  |TAMS 0x0000000089400000, 0x0000000089400000| Untracked 
| 149|0x0000000089500000, 0x0000000089500000, 0x0000000089600000|  0%| F|  |TAMS 0x0000000089500000, 0x0000000089500000| Untracked 
| 150|0x0000000089600000, 0x0000000089600000, 0x0000000089700000|  0%| F|  |TAMS 0x0000000089600000, 0x0000000089600000| Untracked 
| 151|0x0000000089700000, 0x0000000089700000, 0x0000000089800000|  0%| F|  |TAMS 0x0000000089700000, 0x0000000089700000| Untracked 
| 152|0x0000000089800000, 0x0000000089800000, 0x0000000089900000|  0%| F|  |TAMS 0x0000000089800000, 0x0000000089800000| Untracked 
| 153|0x0000000089900000, 0x0000000089900000, 0x0000000089a00000|  0%| F|  |TAMS 0x0000000089900000, 0x0000000089900000| Untracked 
| 154|0x0000000089a00000, 0x0000000089a00000, 0x0000000089b00000|  0%| F|  |TAMS 0x0000000089a00000, 0x0000000089a00000| Untracked 
| 155|0x0000000089b00000, 0x0000000089b00000, 0x0000000089c00000|  0%| F|  |TAMS 0x0000000089b00000, 0x0000000089b00000| Untracked 
| 156|0x0000000089c00000, 0x0000000089c00000, 0x0000000089d00000|  0%| F|  |TAMS 0x0000000089c00000, 0x0000000089c00000| Untracked 
| 157|0x0000000089d00000, 0x0000000089d00000, 0x0000000089e00000|  0%| F|  |TAMS 0x0000000089d00000, 0x0000000089d00000| Untracked 
| 158|0x0000000089e00000, 0x0000000089e3d2f8, 0x0000000089f00000| 23%| S|CS|TAMS 0x0000000089e00000, 0x0000000089e00000| Complete 
| 159|0x0000000089f00000, 0x000000008a000000, 0x000000008a000000|100%| S|CS|TAMS 0x0000000089f00000, 0x0000000089f00000| Complete 
| 160|0x000000008a000000, 0x000000008a100000, 0x000000008a100000|100%| S|CS|TAMS 0x000000008a000000, 0x000000008a000000| Complete 
| 161|0x000000008a100000, 0x000000008a200000, 0x000000008a200000|100%| S|CS|TAMS 0x000000008a100000, 0x000000008a100000| Complete 
| 162|0x000000008a200000, 0x000000008a200000, 0x000000008a300000|  0%| F|  |TAMS 0x000000008a200000, 0x000000008a200000| Untracked 
| 163|0x000000008a300000, 0x000000008a300000, 0x000000008a400000|  0%| F|  |TAMS 0x000000008a300000, 0x000000008a300000| Untracked 
| 164|0x000000008a400000, 0x000000008a400000, 0x000000008a500000|  0%| F|  |TAMS 0x000000008a400000, 0x000000008a400000| Untracked 
| 165|0x000000008a500000, 0x000000008a500000, 0x000000008a600000|  0%| F|  |TAMS 0x000000008a500000, 0x000000008a500000| Untracked 
| 166|0x000000008a600000, 0x000000008a600000, 0x000000008a700000|  0%| F|  |TAMS 0x000000008a600000, 0x000000008a600000| Untracked 
| 167|0x000000008a700000, 0x000000008a700000, 0x000000008a800000|  0%| F|  |TAMS 0x000000008a700000, 0x000000008a700000| Untracked 
| 168|0x000000008a800000, 0x000000008a800000, 0x000000008a900000|  0%| F|  |TAMS 0x000000008a800000, 0x000000008a800000| Untracked 
| 169|0x000000008a900000, 0x000000008a900000, 0x000000008aa00000|  0%| F|  |TAMS 0x000000008a900000, 0x000000008a900000| Untracked 
| 170|0x000000008aa00000, 0x000000008aa00000, 0x000000008ab00000|  0%| F|  |TAMS 0x000000008aa00000, 0x000000008aa00000| Untracked 
| 171|0x000000008ab00000, 0x000000008ab0dda0, 0x000000008ac00000|  5%| E|  |TAMS 0x000000008ab00000, 0x000000008ab00000| Complete 
| 172|0x000000008ac00000, 0x000000008ad00000, 0x000000008ad00000|100%| E|CS|TAMS 0x000000008ac00000, 0x000000008ac00000| Complete 
| 173|0x000000008ad00000, 0x000000008ae00000, 0x000000008ae00000|100%| E|CS|TAMS 0x000000008ad00000, 0x000000008ad00000| Complete 
| 174|0x000000008ae00000, 0x000000008af00000, 0x000000008af00000|100%| E|CS|TAMS 0x000000008ae00000, 0x000000008ae00000| Complete 
| 175|0x000000008af00000, 0x000000008b000000, 0x000000008b000000|100%| E|CS|TAMS 0x000000008af00000, 0x000000008af00000| Complete 
| 176|0x000000008b000000, 0x000000008b100000, 0x000000008b100000|100%| E|CS|TAMS 0x000000008b000000, 0x000000008b000000| Complete 
| 177|0x000000008b100000, 0x000000008b200000, 0x000000008b200000|100%| E|CS|TAMS 0x000000008b100000, 0x000000008b100000| Complete 
| 178|0x000000008b200000, 0x000000008b300000, 0x000000008b300000|100%| E|  |TAMS 0x000000008b200000, 0x000000008b200000| Complete 
| 179|0x000000008b300000, 0x000000008b400000, 0x000000008b400000|100%| E|CS|TAMS 0x000000008b300000, 0x000000008b300000| Complete 
| 180|0x000000008b400000, 0x000000008b500000, 0x000000008b500000|100%| E|CS|TAMS 0x000000008b400000, 0x000000008b400000| Complete 
| 181|0x000000008b500000, 0x000000008b600000, 0x000000008b600000|100%| E|CS|TAMS 0x000000008b500000, 0x000000008b500000| Complete 
| 182|0x000000008b600000, 0x000000008b700000, 0x000000008b700000|100%| E|CS|TAMS 0x000000008b600000, 0x000000008b600000| Complete 
| 183|0x000000008b700000, 0x000000008b800000, 0x000000008b800000|100%| E|CS|TAMS 0x000000008b700000, 0x000000008b700000| Complete 
| 184|0x000000008b800000, 0x000000008b900000, 0x000000008b900000|100%| E|CS|TAMS 0x000000008b800000, 0x000000008b800000| Complete 
| 185|0x000000008b900000, 0x000000008ba00000, 0x000000008ba00000|100%| E|CS|TAMS 0x000000008b900000, 0x000000008b900000| Complete 
| 186|0x000000008ba00000, 0x000000008bb00000, 0x000000008bb00000|100%| E|CS|TAMS 0x000000008ba00000, 0x000000008ba00000| Complete 
| 187|0x000000008bb00000, 0x000000008bc00000, 0x000000008bc00000|100%| E|CS|TAMS 0x000000008bb00000, 0x000000008bb00000| Complete 
| 188|0x000000008bc00000, 0x000000008bd00000, 0x000000008bd00000|100%| E|CS|TAMS 0x000000008bc00000, 0x000000008bc00000| Complete 
| 189|0x000000008bd00000, 0x000000008be00000, 0x000000008be00000|100%| E|CS|TAMS 0x000000008bd00000, 0x000000008bd00000| Complete 
| 190|0x000000008be00000, 0x000000008bf00000, 0x000000008bf00000|100%| E|CS|TAMS 0x000000008be00000, 0x000000008be00000| Complete 
| 191|0x000000008bf00000, 0x000000008c000000, 0x000000008c000000|100%| E|CS|TAMS 0x000000008bf00000, 0x000000008bf00000| Complete 
| 192|0x000000008c000000, 0x000000008c100000, 0x000000008c100000|100%| E|CS|TAMS 0x000000008c000000, 0x000000008c000000| Complete 
| 193|0x000000008c100000, 0x000000008c200000, 0x000000008c200000|100%| E|CS|TAMS 0x000000008c100000, 0x000000008c100000| Complete 
| 194|0x000000008c200000, 0x000000008c300000, 0x000000008c300000|100%| E|CS|TAMS 0x000000008c200000, 0x000000008c200000| Complete 
| 195|0x000000008c300000, 0x000000008c400000, 0x000000008c400000|100%| E|CS|TAMS 0x000000008c300000, 0x000000008c300000| Complete 
| 196|0x000000008c400000, 0x000000008c500000, 0x000000008c500000|100%| E|CS|TAMS 0x000000008c400000, 0x000000008c400000| Complete 
| 197|0x000000008c500000, 0x000000008c600000, 0x000000008c600000|100%| E|CS|TAMS 0x000000008c500000, 0x000000008c500000| Complete 
| 198|0x000000008c600000, 0x000000008c700000, 0x000000008c700000|100%| E|CS|TAMS 0x000000008c600000, 0x000000008c600000| Complete 
| 199|0x000000008c700000, 0x000000008c800000, 0x000000008c800000|100%| E|CS|TAMS 0x000000008c700000, 0x000000008c700000| Complete 
| 200|0x000000008c800000, 0x000000008c900000, 0x000000008c900000|100%| E|CS|TAMS 0x000000008c800000, 0x000000008c800000| Complete 
| 201|0x000000008c900000, 0x000000008ca00000, 0x000000008ca00000|100%| E|CS|TAMS 0x000000008c900000, 0x000000008c900000| Complete 
| 202|0x000000008ca00000, 0x000000008cb00000, 0x000000008cb00000|100%| E|CS|TAMS 0x000000008ca00000, 0x000000008ca00000| Complete 
| 203|0x000000008cb00000, 0x000000008cc00000, 0x000000008cc00000|100%| E|CS|TAMS 0x000000008cb00000, 0x000000008cb00000| Complete 
| 204|0x000000008cc00000, 0x000000008cd00000, 0x000000008cd00000|100%| E|CS|TAMS 0x000000008cc00000, 0x000000008cc00000| Complete 
| 205|0x000000008cd00000, 0x000000008ce00000, 0x000000008ce00000|100%| E|CS|TAMS 0x000000008cd00000, 0x000000008cd00000| Complete 
| 206|0x000000008ce00000, 0x000000008cf00000, 0x000000008cf00000|100%| E|CS|TAMS 0x000000008ce00000, 0x000000008ce00000| Complete 
| 207|0x000000008cf00000, 0x000000008d000000, 0x000000008d000000|100%| E|CS|TAMS 0x000000008cf00000, 0x000000008cf00000| Complete 
| 208|0x000000008d000000, 0x000000008d100000, 0x000000008d100000|100%| E|CS|TAMS 0x000000008d000000, 0x000000008d000000| Complete 
| 209|0x000000008d100000, 0x000000008d200000, 0x000000008d200000|100%| E|CS|TAMS 0x000000008d100000, 0x000000008d100000| Complete 
| 210|0x000000008d200000, 0x000000008d300000, 0x000000008d300000|100%| E|CS|TAMS 0x000000008d200000, 0x000000008d200000| Complete 
| 211|0x000000008d300000, 0x000000008d400000, 0x000000008d400000|100%| E|CS|TAMS 0x000000008d300000, 0x000000008d300000| Complete 
| 212|0x000000008d400000, 0x000000008d500000, 0x000000008d500000|100%| E|CS|TAMS 0x000000008d400000, 0x000000008d400000| Complete 
| 213|0x000000008d500000, 0x000000008d600000, 0x000000008d600000|100%| E|CS|TAMS 0x000000008d500000, 0x000000008d500000| Complete 
| 214|0x000000008d600000, 0x000000008d700000, 0x000000008d700000|100%| E|CS|TAMS 0x000000008d600000, 0x000000008d600000| Complete 
| 215|0x000000008d700000, 0x000000008d800000, 0x000000008d800000|100%| E|CS|TAMS 0x000000008d700000, 0x000000008d700000| Complete 
| 216|0x000000008d800000, 0x000000008d900000, 0x000000008d900000|100%| E|CS|TAMS 0x000000008d800000, 0x000000008d800000| Complete 
| 217|0x000000008d900000, 0x000000008da00000, 0x000000008da00000|100%| E|CS|TAMS 0x000000008d900000, 0x000000008d900000| Complete 
| 218|0x000000008da00000, 0x000000008db00000, 0x000000008db00000|100%| E|CS|TAMS 0x000000008da00000, 0x000000008da00000| Complete 
| 219|0x000000008db00000, 0x000000008dc00000, 0x000000008dc00000|100%| E|CS|TAMS 0x000000008db00000, 0x000000008db00000| Complete 
| 220|0x000000008dc00000, 0x000000008dd00000, 0x000000008dd00000|100%| E|CS|TAMS 0x000000008dc00000, 0x000000008dc00000| Complete 
| 221|0x000000008dd00000, 0x000000008de00000, 0x000000008de00000|100%| E|CS|TAMS 0x000000008dd00000, 0x000000008dd00000| Complete 
| 222|0x000000008de00000, 0x000000008df00000, 0x000000008df00000|100%| E|CS|TAMS 0x000000008de00000, 0x000000008de00000| Complete 
| 223|0x000000008df00000, 0x000000008e000000, 0x000000008e000000|100%| E|CS|TAMS 0x000000008df00000, 0x000000008df00000| Complete 
| 224|0x000000008e000000, 0x000000008e100000, 0x000000008e100000|100%| E|CS|TAMS 0x000000008e000000, 0x000000008e000000| Complete 
| 225|0x000000008e100000, 0x000000008e200000, 0x000000008e200000|100%| E|CS|TAMS 0x000000008e100000, 0x000000008e100000| Complete 
| 226|0x000000008e200000, 0x000000008e300000, 0x000000008e300000|100%| E|CS|TAMS 0x000000008e200000, 0x000000008e200000| Complete 
| 227|0x000000008e300000, 0x000000008e400000, 0x000000008e400000|100%| E|CS|TAMS 0x000000008e300000, 0x000000008e300000| Complete 
| 228|0x000000008e400000, 0x000000008e500000, 0x000000008e500000|100%| E|CS|TAMS 0x000000008e400000, 0x000000008e400000| Complete 
| 229|0x000000008e500000, 0x000000008e600000, 0x000000008e600000|100%| E|CS|TAMS 0x000000008e500000, 0x000000008e500000| Complete 
| 230|0x000000008e600000, 0x000000008e700000, 0x000000008e700000|100%| E|CS|TAMS 0x000000008e600000, 0x000000008e600000| Complete 
| 231|0x000000008e700000, 0x000000008e800000, 0x000000008e800000|100%| E|CS|TAMS 0x000000008e700000, 0x000000008e700000| Complete 
| 232|0x000000008e800000, 0x000000008e900000, 0x000000008e900000|100%| E|CS|TAMS 0x000000008e800000, 0x000000008e800000| Complete 
| 233|0x000000008e900000, 0x000000008ea00000, 0x000000008ea00000|100%| E|CS|TAMS 0x000000008e900000, 0x000000008e900000| Complete 
| 234|0x000000008ea00000, 0x000000008eb00000, 0x000000008eb00000|100%| E|CS|TAMS 0x000000008ea00000, 0x000000008ea00000| Complete 
| 235|0x000000008eb00000, 0x000000008ec00000, 0x000000008ec00000|100%| E|CS|TAMS 0x000000008eb00000, 0x000000008eb00000| Complete 
| 236|0x000000008ec00000, 0x000000008ed00000, 0x000000008ed00000|100%| E|CS|TAMS 0x000000008ec00000, 0x000000008ec00000| Complete 
| 237|0x000000008ed00000, 0x000000008ee00000, 0x000000008ee00000|100%| E|CS|TAMS 0x000000008ed00000, 0x000000008ed00000| Complete 
| 238|0x000000008ee00000, 0x000000008ef00000, 0x000000008ef00000|100%| E|CS|TAMS 0x000000008ee00000, 0x000000008ee00000| Complete 
| 239|0x000000008ef00000, 0x000000008f000000, 0x000000008f000000|100%| E|CS|TAMS 0x000000008ef00000, 0x000000008ef00000| Complete 
| 240|0x000000008f000000, 0x000000008f100000, 0x000000008f100000|100%| E|CS|TAMS 0x000000008f000000, 0x000000008f000000| Complete 
| 241|0x000000008f100000, 0x000000008f200000, 0x000000008f200000|100%| E|CS|TAMS 0x000000008f100000, 0x000000008f100000| Complete 
| 242|0x000000008f200000, 0x000000008f300000, 0x000000008f300000|100%| E|CS|TAMS 0x000000008f200000, 0x000000008f200000| Complete 
| 243|0x000000008f300000, 0x000000008f400000, 0x000000008f400000|100%| E|CS|TAMS 0x000000008f300000, 0x000000008f300000| Complete 
| 244|0x000000008f400000, 0x000000008f500000, 0x000000008f500000|100%| E|CS|TAMS 0x000000008f400000, 0x000000008f400000| Complete 
| 245|0x000000008f500000, 0x000000008f600000, 0x000000008f600000|100%| E|CS|TAMS 0x000000008f500000, 0x000000008f500000| Complete 
| 246|0x000000008f600000, 0x000000008f700000, 0x000000008f700000|100%| E|CS|TAMS 0x000000008f600000, 0x000000008f600000| Complete 
| 247|0x000000008f700000, 0x000000008f800000, 0x000000008f800000|100%| E|CS|TAMS 0x000000008f700000, 0x000000008f700000| Complete 
| 248|0x000000008f800000, 0x000000008f900000, 0x000000008f900000|100%| E|CS|TAMS 0x000000008f800000, 0x000000008f800000| Complete 
| 249|0x000000008f900000, 0x000000008fa00000, 0x000000008fa00000|100%| E|CS|TAMS 0x000000008f900000, 0x000000008f900000| Complete 
| 250|0x000000008fa00000, 0x000000008fb00000, 0x000000008fb00000|100%| E|CS|TAMS 0x000000008fa00000, 0x000000008fa00000| Complete 
| 251|0x000000008fb00000, 0x000000008fc00000, 0x000000008fc00000|100%| E|CS|TAMS 0x000000008fb00000, 0x000000008fb00000| Complete 
| 252|0x000000008fc00000, 0x000000008fd00000, 0x000000008fd00000|100%| E|CS|TAMS 0x000000008fc00000, 0x000000008fc00000| Complete 
| 253|0x000000008fd00000, 0x000000008fe00000, 0x000000008fe00000|100%| E|CS|TAMS 0x000000008fd00000, 0x000000008fd00000| Complete 

Card table byte_map: [0x000002b0edf30000,0x000002b0ee330000] _byte_map_base: 0x000002b0edb30000

Marking Bits (Prev, Next): (CMBitMap*) 0x000002b0dac31e28, (CMBitMap*) 0x000002b0dac31e60
 Prev Bits: [0x000002b0ee730000, 0x000002b0f0730000)
 Next Bits: [0x000002b0f0730000, 0x000002b0f2730000)

Polling page: 0x000002b0d8b90000

Metaspace:

Usage:
  Non-class:    100.21 MB capacity,    97.96 MB ( 98%) used,     1.94 MB (  2%) free+waste,   313.75 KB ( <1%) overhead. 
      Class:     14.82 MB capacity,    13.74 MB ( 93%) used,   973.07 KB (  6%) free+waste,   140.06 KB ( <1%) overhead. 
       Both:    115.04 MB capacity,   111.70 MB ( 97%) used,     2.89 MB (  3%) free+waste,   453.81 KB ( <1%) overhead. 

Virtual space:
  Non-class space:      102.00 MB reserved,     100.33 MB ( 98%) committed 
      Class space:        1.00 GB reserved,      14.88 MB (  1%) committed 
             Both:        1.10 GB reserved,     115.20 MB ( 10%) committed 

Chunk freelists:
   Non-Class:  0 bytes
       Class:  0 bytes
        Both:  0 bytes

MaxMetaspaceSize: 17179869184.00 GB
CompressedClassSpaceSize: 1.00 GB

CodeHeap 'non-profiled nmethods': size=120000Kb used=11193Kb max_used=11360Kb free=108807Kb
 bounds [0x000002b0e62d0000, 0x000002b0e6df0000, 0x000002b0ed800000]
CodeHeap 'profiled nmethods': size=120000Kb used=36560Kb max_used=37079Kb free=83439Kb
 bounds [0x000002b0deda0000, 0x000002b0e1200000, 0x000002b0e62d0000]
CodeHeap 'non-nmethods': size=5760Kb used=2346Kb max_used=2431Kb free=3414Kb
 bounds [0x000002b0de800000, 0x000002b0dea70000, 0x000002b0deda0000]
 total_blobs=17056 nmethods=16084 adapters=882
 compilation: enabled
              stopped_count=0, restarted_count=0
 full_count=0

Compilation events (20 events):
Event: 716.913 Thread 0x000002b0f5a0a000 nmethod 18160 0x000002b0e6dd7410 code [0x000002b0e6dd7600, 0x000002b0e6dd8c98]
Event: 716.918 Thread 0x000002b0f5a0a000 18166       4       java.util.zip.ZipEntry::isDirectory (10 bytes)
Event: 716.922 Thread 0x000002b0f5a0a000 nmethod 18166 0x000002b0e6dd9510 code [0x000002b0e6dd96a0, 0x000002b0e6dd9778]
Event: 716.924 Thread 0x000002b0f5a0a000 18167       4       sun.nio.ch.Util$BufferCache::offerFirst (73 bytes)
Event: 716.927 Thread 0x000002b0f5a0a000 nmethod 18167 0x000002b0e6dd9890 code [0x000002b0e6dd9a20, 0x000002b0e6dd9c18]
Event: 716.931 Thread 0x000002b0f5a0a000 18168       4       java.util.zip.ZipFile$ZipEntryIterator::hasMoreElements (5 bytes)
Event: 716.931 Thread 0x000002b0f5a0a000 nmethod 18168 0x000002b0e6dd9d10 code [0x000002b0e6dd9ea0, 0x000002b0e6dd9f18]
Event: 716.935 Thread 0x000002b0f5a0a000 18169       4       org.gradle.internal.fingerprint.impl.DefaultFileSystemLocationFingerprint::appendToHasher (21 bytes)
Event: 716.956 Thread 0x000002b0f5a0a000 nmethod 18169 0x000002b0e6dd9f90 code [0x000002b0e6dda200, 0x000002b0e6ddaac0]
Event: 716.956 Thread 0x000002b0f5a0a000 18170       4       java.util.zip.ZipFile$ZipEntryIterator::nextElement (5 bytes)
Event: 716.964 Thread 0x000002b081b56800 nmethod 18164 0x000002b0e6ddb610 code [0x000002b0e6ddb880, 0x000002b0e6ddd490]
Event: 716.964 Thread 0x000002b081b56800 18173       4       com.google.common.collect.AbstractIterator::next (34 bytes)
Event: 716.971 Thread 0x000002b081b56800 nmethod 18173 0x000002b0e6dde290 code [0x000002b0e6dde440, 0x000002b0e6dde8f8]
Event: 716.971 Thread 0x000002b081b56800 18171   !   4       java.util.zip.ZipFile$ZipEntryIterator::next (76 bytes)
Event: 716.972 Thread 0x000002b080c5d800 nmethod 18165 0x000002b0e6ddea90 code [0x000002b0e6ddece0, 0x000002b0e6de0898]
Event: 716.972 Thread 0x000002b080c5d800 18174       4       java.util.zip.ZipFile$$Lambda$754/0x0000000100b8cc40::apply (12 bytes)
Event: 716.976 Thread 0x000002b080c5d800 nmethod 18174 0x000002b0e6de1690 code [0x000002b0e6de1840, 0x000002b0e6de1a38]
Event: 716.976 Thread 0x000002b080c5d800 18175       4       java.util.zip.ZipFile::getZipEntry (301 bytes)
Event: 716.998 Thread 0x000002b0f5a50800 18178       1       org.gradle.internal.id.UniqueId::asString (5 bytes)
Event: 716.998 Thread 0x000002b0f5a50800 nmethod 18178 0x000002b0e6de1b90 code [0x000002b0e6de1d40, 0x000002b0e6de1df8]

GC Heap History (20 events):
Event: 10.444 GC heap before
{Heap before GC invocations=9 (full 0):
 garbage-first heap   total 260096K, used 194262K [0x0000000080000000, 0x0000000100000000)
  region size 1024K, 152 young (155648K), 18 survivors (18432K)
 Metaspace       used 71833K, capacity 73944K, committed 74192K, reserved 1114112K
  class space    used 9162K, capacity 9785K, committed 9856K, reserved 1048576K
}
Event: 10.461 GC heap after
{Heap after GC invocations=10 (full 0):
 garbage-first heap   total 260096K, used 64742K [0x0000000080000000, 0x0000000100000000)
  region size 1024K, 10 young (10240K), 10 survivors (10240K)
 Metaspace       used 71833K, capacity 73944K, committed 74192K, reserved 1114112K
  class space    used 9162K, capacity 9785K, committed 9856K, reserved 1048576K
}
Event: 14.432 GC heap before
{Heap before GC invocations=10 (full 0):
 garbage-first heap   total 260096K, used 197862K [0x0000000080000000, 0x0000000100000000)
  region size 1024K, 141 young (144384K), 10 survivors (10240K)
 Metaspace       used 84496K, capacity 86707K, committed 86864K, reserved 1124352K
  class space    used 10804K, capacity 11486K, committed 11520K, reserved 1048576K
}
Event: 14.446 GC heap after
{Heap after GC invocations=11 (full 0):
 garbage-first heap   total 260096K, used 73096K [0x0000000080000000, 0x0000000100000000)
  region size 1024K, 18 young (18432K), 18 survivors (18432K)
 Metaspace       used 84496K, capacity 86707K, committed 86864K, reserved 1124352K
  class space    used 10804K, capacity 11486K, committed 11520K, reserved 1048576K
}
Event: 17.885 GC heap before
{Heap before GC invocations=11 (full 0):
 garbage-first heap   total 260096K, used 203144K [0x0000000080000000, 0x0000000100000000)
  region size 1024K, 145 young (148480K), 18 survivors (18432K)
 Metaspace       used 89046K, capacity 91713K, committed 91984K, reserved 1128448K
  class space    used 11327K, capacity 12201K, committed 12288K, reserved 1048576K
}
Event: 17.902 GC heap after
{Heap after GC invocations=12 (full 0):
 garbage-first heap   total 260096K, used 79729K [0x0000000080000000, 0x0000000100000000)
  region size 1024K, 16 young (16384K), 16 survivors (16384K)
 Metaspace       used 89046K, capacity 91713K, committed 91984K, reserved 1128448K
  class space    used 11327K, capacity 12201K, committed 12288K, reserved 1048576K
}
Event: 41.579 GC heap before
{Heap before GC invocations=12 (full 0):
 garbage-first heap   total 260096K, used 204657K [0x0000000080000000, 0x0000000100000000)
  region size 1024K, 139 young (142336K), 16 survivors (16384K)
 Metaspace       used 95966K, capacity 98745K, committed 99024K, reserved 1136640K
  class space    used 11947K, capacity 12879K, committed 12928K, reserved 1048576K
}
Event: 41.596 GC heap after
{Heap after GC invocations=13 (full 0):
 garbage-first heap   total 260096K, used 88777K [0x0000000080000000, 0x0000000100000000)
  region size 1024K, 16 young (16384K), 16 survivors (16384K)
 Metaspace       used 95966K, capacity 98745K, committed 99024K, reserved 1136640K
  class space    used 11947K, capacity 12879K, committed 12928K, reserved 1048576K
}
Event: 701.181 GC heap before
{Heap before GC invocations=13 (full 0):
 garbage-first heap   total 260096K, used 196297K [0x0000000080000000, 0x0000000100000000)
  region size 1024K, 123 young (125952K), 16 survivors (16384K)
 Metaspace       used 97494K, capacity 100767K, committed 100828K, reserved 1136640K
  class space    used 12085K, capacity 13127K, committed 13184K, reserved 1048576K
}
Event: 701.200 GC heap after
{Heap after GC invocations=14 (full 0):
 garbage-first heap   total 260096K, used 90806K [0x0000000080000000, 0x0000000100000000)
  region size 1024K, 11 young (11264K), 11 survivors (11264K)
 Metaspace       used 97494K, capacity 100767K, committed 100828K, reserved 1136640K
  class space    used 12085K, capacity 13127K, committed 13184K, reserved 1048576K
}
Event: 703.696 GC heap before
{Heap before GC invocations=15 (full 0):
 garbage-first heap   total 260096K, used 207542K [0x0000000080000000, 0x0000000100000000)
  region size 1024K, 126 young (129024K), 11 survivors (11264K)
 Metaspace       used 101059K, capacity 104312K, committed 104528K, reserved 1140736K
  class space    used 12492K, capacity 13538K, committed 13568K, reserved 1048576K
}
Event: 703.715 GC heap after
{Heap after GC invocations=16 (full 0):
 garbage-first heap   total 260096K, used 103018K [0x0000000080000000, 0x0000000100000000)
  region size 1024K, 16 young (16384K), 16 survivors (16384K)
 Metaspace       used 101059K, capacity 104312K, committed 104528K, reserved 1140736K
  class space    used 12492K, capacity 13538K, committed 13568K, reserved 1048576K
}
Event: 710.705 GC heap before
{Heap before GC invocations=16 (full 0):
 garbage-first heap   total 260096K, used 214634K [0x0000000080000000, 0x0000000100000000)
  region size 1024K, 118 young (120832K), 16 survivors (16384K)
 Metaspace       used 105378K, capacity 108666K, committed 108880K, reserved 1144832K
  class space    used 12988K, capacity 14052K, committed 14080K, reserved 1048576K
}
Event: 710.723 GC heap after
{Heap after GC invocations=17 (full 0):
 garbage-first heap   total 260096K, used 110955K [0x0000000080000000, 0x0000000100000000)
  region size 1024K, 8 young (8192K), 8 survivors (8192K)
 Metaspace       used 105378K, capacity 108666K, committed 108880K, reserved 1144832K
  class space    used 12988K, capacity 14052K, committed 14080K, reserved 1048576K
}
Event: 711.820 GC heap before
{Heap before GC invocations=17 (full 0):
 garbage-first heap   total 260096K, used 211307K [0x0000000080000000, 0x0000000100000000)
  region size 1024K, 105 young (107520K), 8 survivors (8192K)
 Metaspace       used 105791K, capacity 109114K, committed 109392K, reserved 1144832K
  class space    used 13022K, capacity 14052K, committed 14080K, reserved 1048576K
}
Event: 711.828 GC heap after
{Heap after GC invocations=18 (full 0):
 garbage-first heap   total 260096K, used 114900K [0x0000000080000000, 0x0000000100000000)
  region size 1024K, 10 young (10240K), 10 survivors (10240K)
 Metaspace       used 105791K, capacity 109114K, committed 109392K, reserved 1144832K
  class space    used 13022K, capacity 14052K, committed 14080K, reserved 1048576K
}
Event: 712.594 GC heap before
{Heap before GC invocations=18 (full 0):
 garbage-first heap   total 260096K, used 213204K [0x0000000080000000, 0x0000000100000000)
  region size 1024K, 106 young (108544K), 10 survivors (10240K)
 Metaspace       used 105793K, capacity 109114K, committed 109392K, reserved 1144832K
  class space    used 13022K, capacity 14052K, committed 14080K, reserved 1048576K
}
Event: 712.603 GC heap after
{Heap after GC invocations=19 (full 0):
 garbage-first heap   total 260096K, used 119850K [0x0000000080000000, 0x0000000100000000)
  region size 1024K, 9 young (9216K), 9 survivors (9216K)
 Metaspace       used 105793K, capacity 109114K, committed 109392K, reserved 1144832K
  class space    used 13022K, capacity 14052K, committed 14080K, reserved 1048576K
}
Event: 715.889 GC heap before
{Heap before GC invocations=19 (full 0):
 garbage-first heap   total 260096K, used 215082K [0x0000000080000000, 0x0000000100000000)
  region size 1024K, 101 young (103424K), 9 survivors (9216K)
 Metaspace       used 114051K, capacity 117438K, committed 117712K, reserved 1153024K
  class space    used 14033K, capacity 15124K, committed 15232K, reserved 1048576K
}
Event: 715.894 GC heap after
{Heap after GC invocations=20 (full 0):
 garbage-first heap   total 260096K, used 115426K [0x0000000080000000, 0x0000000100000000)
  region size 1024K, 4 young (4096K), 4 survivors (4096K)
 Metaspace       used 114051K, capacity 117438K, committed 117712K, reserved 1153024K
  class space    used 14033K, capacity 15124K, committed 15232K, reserved 1048576K
}

Deoptimization events (20 events):
Event: 716.178 Thread 0x000002b0fa7ed800 DEOPT PACKING pc=0x000002b0e117aa27 sp=0x000000c2d5cfd570
Event: 716.178 Thread 0x000002b0fa7ed800 DEOPT UNPACKING pc=0x000002b0de8272ce sp=0x000000c2d5cfcbe0 mode 0
Event: 716.204 Thread 0x000002b0fa7ed800 DEOPT PACKING pc=0x000002b0e117a480 sp=0x000000c2d5cfd570
Event: 716.204 Thread 0x000002b0fa7ed800 DEOPT UNPACKING pc=0x000002b0de8272ce sp=0x000000c2d5cfcbe0 mode 0
Event: 716.221 Thread 0x000002b0fa7ec000 DEOPT PACKING pc=0x000002b0e117a480 sp=0x000000c2d65f93a0
Event: 716.221 Thread 0x000002b0fa7ec000 DEOPT UNPACKING pc=0x000002b0de8272ce sp=0x000000c2d65f8a10 mode 0
Event: 716.236 Thread 0x000002b0fa7ec000 DEOPT PACKING pc=0x000002b0e117a480 sp=0x000000c2d65f93a0
Event: 716.236 Thread 0x000002b0fa7ec000 DEOPT UNPACKING pc=0x000002b0de8272ce sp=0x000000c2d65f8a10 mode 0
Event: 716.242 Thread 0x000002b0fa7ed800 DEOPT PACKING pc=0x000002b0e117a480 sp=0x000000c2d5cfd570
Event: 716.242 Thread 0x000002b0fa7ed800 DEOPT UNPACKING pc=0x000002b0de8272ce sp=0x000000c2d5cfcbe0 mode 0
Event: 716.276 Thread 0x000002b0fa7ed800 DEOPT PACKING pc=0x000002b0e117aa27 sp=0x000000c2d5cfd570
Event: 716.276 Thread 0x000002b0fa7ed800 DEOPT UNPACKING pc=0x000002b0de8272ce sp=0x000000c2d5cfcbe0 mode 0
Event: 716.509 Thread 0x000002b0fd742000 Uncommon trap: trap_request=0xffffff7e fr.pc=0x000002b0e6c873f8 relative=0x0000000000001878
Event: 716.509 Thread 0x000002b0fd742000 Uncommon trap: reason=predicate action=maybe_recompile pc=0x000002b0e6c873f8 method=java.util.TimSort.reverseRange([Ljava/lang/Object;II)V @ 5 c2
Event: 716.509 Thread 0x000002b0fd742000 DEOPT PACKING pc=0x000002b0e6c873f8 sp=0x000000c2d67fb2a0
Event: 716.509 Thread 0x000002b0fd742000 DEOPT UNPACKING pc=0x000002b0de8274af sp=0x000000c2d67fb160 mode 2
Event: 717.006 Thread 0x000002b0fd73f000 Uncommon trap: trap_request=0xffffff4d fr.pc=0x000002b0e65a5ec4 relative=0x0000000000000c44
Event: 717.006 Thread 0x000002b0fd73f000 Uncommon trap: reason=unstable_if action=reinterpret pc=0x000002b0e65a5ec4 method=org.gradle.internal.operations.DefaultBuildOperationExecutor$3.stop()V @ 61 c2
Event: 717.006 Thread 0x000002b0fd73f000 DEOPT PACKING pc=0x000002b0e65a5ec4 sp=0x000000c2d68fd5e0
Event: 717.006 Thread 0x000002b0fd73f000 DEOPT UNPACKING pc=0x000002b0de8274af sp=0x000000c2d68fd5f0 mode 2

Classes redefined (0 events):
No events

Internal exceptions (20 events):
Event: 713.973 Thread 0x000002b0fa7ec000 Exception <a 'sun/nio/fs/WindowsException'{0x000000008c52b5f0}> (0x000000008c52b5f0) thrown at [./src/hotspot/share/prims/jni.cpp, line 615]
Event: 713.982 Thread 0x000002b0fa7ec000 Implicit null exception at 0x000002b0e674622c to 0x000002b0e67463da
Event: 714.025 Thread 0x000002b0fa7ec000 Exception <a 'java/lang/NoSuchMethodError'{0x000000008c3a8c90}: 'java.lang.Object java.lang.invoke.DirectMethodHandle$Holder.invokeStatic(java.lang.Object, int, java.lang.Object)'> (0x000000008c3a8c90) thrown at [./src/hotspot/share/interpreter/linkResolver.cpp, line 773]
Event: 715.287 Thread 0x000002b0fa7ec000 Exception <a 'java/lang/NoSuchMethodError'{0x000000008bc96dc8}: 'int java.lang.invoke.DirectMethodHandle$Holder.invokeSpecial(java.lang.Object, java.lang.Object, java.lang.Object, java.lang.Object, java.lang.Object)'> (0x000000008bc96dc8) thrown at [./src/hotspot/share/interpreter/linkResolver.cpp, line 773]
Event: 715.569 Thread 0x000002b0fa7ec000 Exception <a 'sun/nio/fs/WindowsException'{0x000000008ae42e38}> (0x000000008ae42e38) thrown at [./src/hotspot/share/prims/jni.cpp, line 615]
Event: 715.569 Thread 0x000002b0fa7ec000 Exception <a 'sun/nio/fs/WindowsException'{0x000000008ae43910}> (0x000000008ae43910) thrown at [./src/hotspot/share/prims/jni.cpp, line 615]
Event: 715.569 Thread 0x000002b0fa7ec000 Exception <a 'sun/nio/fs/WindowsException'{0x000000008ae448a8}> (0x000000008ae448a8) thrown at [./src/hotspot/share/prims/jni.cpp, line 615]
Event: 715.570 Thread 0x000002b0fa7ec000 Exception <a 'sun/nio/fs/WindowsException'{0x000000008ae457c0}> (0x000000008ae457c0) thrown at [./src/hotspot/share/prims/jni.cpp, line 615]
Event: 715.570 Thread 0x000002b0fa7ec000 Exception <a 'sun/nio/fs/WindowsException'{0x000000008ae46710}> (0x000000008ae46710) thrown at [./src/hotspot/share/prims/jni.cpp, line 615]
Event: 715.570 Thread 0x000002b0fa7ec000 Exception <a 'sun/nio/fs/WindowsException'{0x000000008ae46a60}> (0x000000008ae46a60) thrown at [./src/hotspot/share/prims/jni.cpp, line 615]
Event: 715.570 Thread 0x000002b0fa7ec000 Exception <a 'sun/nio/fs/WindowsException'{0x000000008ae48710}> (0x000000008ae48710) thrown at [./src/hotspot/share/prims/jni.cpp, line 615]
Event: 715.570 Thread 0x000002b0fa7ec000 Exception <a 'sun/nio/fs/WindowsException'{0x000000008ae48a30}> (0x000000008ae48a30) thrown at [./src/hotspot/share/prims/jni.cpp, line 615]
Event: 715.570 Thread 0x000002b0fa7ec000 Exception <a 'sun/nio/fs/WindowsException'{0x000000008ae4a6d0}> (0x000000008ae4a6d0) thrown at [./src/hotspot/share/prims/jni.cpp, line 615]
Event: 715.581 Thread 0x000002b0fa7ec000 Exception <a 'sun/nio/fs/WindowsException'{0x000000008ae68ec8}> (0x000000008ae68ec8) thrown at [./src/hotspot/share/prims/jni.cpp, line 615]
Event: 715.616 Thread 0x000002b0fa7ec000 Exception <a 'java/lang/NoSuchMethodError'{0x000000008aeafdf0}: 'int java.lang.invoke.DirectMethodHandle$Holder.invokeStaticInit(java.lang.Object)'> (0x000000008aeafdf0) thrown at [./src/hotspot/share/interpreter/linkResolver.cpp, line 773]
Event: 716.303 Thread 0x000002b0fa7e4800 Exception <a 'java/lang/NoSuchMethodError'{0x000000008c5f0318}: <clinit>> (0x000000008c5f0318) thrown at [./src/hotspot/share/prims/jni.cpp, line 1362]
Event: 716.734 Thread 0x000002b0fd743000 Exception <a 'sun/nio/fs/WindowsException'{0x000000008bee4ec0}> (0x000000008bee4ec0) thrown at [./src/hotspot/share/prims/jni.cpp, line 615]
Event: 716.840 Thread 0x000002b0fa7df800 Exception <a 'sun/nio/fs/WindowsException'{0x000000008bd69270}> (0x000000008bd69270) thrown at [./src/hotspot/share/prims/jni.cpp, line 615]
Event: 716.844 Thread 0x000002b0fd741800 Exception <a 'sun/nio/fs/WindowsException'{0x000000008bde9d18}> (0x000000008bde9d18) thrown at [./src/hotspot/share/prims/jni.cpp, line 615]
Event: 717.005 Thread 0x000002b0fd73f000 Exception <a 'java/lang/OutOfMemoryError'{0x000000008af83040}> (0x000000008af83040) thrown at [./src/hotspot/share/prims/jni.cpp, line 636]

Events (20 events):
Event: 716.292 loading class org/gradle/api/internal/tasks/compile/incremental/recomp/PreviousCompilationData done
Event: 716.294 loading class org/gradle/api/internal/tasks/compile/CompileJavaBuildOperationReportingCompiler$Result
Event: 716.294 loading class org/gradle/api/internal/tasks/compile/CompileJavaBuildOperationReportingCompiler$Result done
Event: 716.511 loading class com/android/ide/common/resources/AssetFile
Event: 716.511 loading class com/android/ide/common/resources/AssetFile done
Event: 716.511 Executing VM operation: Deoptimize
Event: 716.514 Executing VM operation: Deoptimize done
Event: 716.515 loading class com/android/ide/common/resources/AssetMerger
Event: 716.515 loading class com/android/ide/common/resources/AssetMerger done
Event: 716.516 loading class com/android/ide/common/resources/MergedAssetWriter
Event: 716.516 loading class com/android/ide/common/resources/MergedAssetWriter done
Event: 716.991 loading class org/gradle/api/internal/changedetection/state/ZipHasher$1
Event: 716.991 loading class org/gradle/api/internal/changedetection/state/ZipHasher$1 done
Event: 717.005 loading class java/util/zip/DataFormatException
Event: 717.005 loading class java/util/zip/DataFormatException done
Event: 717.007 loading class org/gradle/internal/build/event/types/DefaultFailure
Event: 717.007 loading class org/gradle/internal/build/event/types/DefaultFailure done
Event: 717.007 loading class org/gradle/tooling/internal/protocol/InternalFailure
Event: 717.007 loading class org/gradle/tooling/internal/protocol/InternalFailure done
Event: 717.008 loading class java/lang/Throwable$WrappedPrintWriter


Dynamic libraries:
0x00007ff794730000 - 0x00007ff79473a000 	E:\Program Files\JetBrains\IntelliJ IDEA 2020.2.4\jbr\bin\java.exe
0x00007ffe7a150000 - 0x00007ffe7a345000 	C:\WINDOWS\SYSTEM32\ntdll.dll
0x00007ffe7a050000 - 0x00007ffe7a10d000 	C:\WINDOWS\System32\KERNEL32.DLL
0x00007ffe77c20000 - 0x00007ffe77ee9000 	C:\WINDOWS\System32\KERNELBASE.dll
0x00007ffe779a0000 - 0x00007ffe77aa0000 	C:\WINDOWS\System32\ucrtbase.dll
0x00007ffe6ca80000 - 0x00007ffe6ca99000 	E:\Program Files\JetBrains\IntelliJ IDEA 2020.2.4\jbr\bin\jli.dll
0x00007ffe66d40000 - 0x00007ffe66d57000 	E:\Program Files\JetBrains\IntelliJ IDEA 2020.2.4\jbr\bin\VCRUNTIME140.dll
0x00007ffe79860000 - 0x00007ffe79a00000 	C:\WINDOWS\System32\USER32.dll
0x00007ffe77b00000 - 0x00007ffe77b22000 	C:\WINDOWS\System32\win32u.dll
0x00007ffe63840000 - 0x00007ffe63ada000 	C:\WINDOWS\WinSxS\amd64_microsoft.windows.common-controls_6595b64144ccf1df_6.0.19041.844_none_ca00b6081b84eb1d\COMCTL32.dll
0x00007ffe78540000 - 0x00007ffe7856a000 	C:\WINDOWS\System32\GDI32.dll
0x00007ffe784a0000 - 0x00007ffe7853e000 	C:\WINDOWS\System32\msvcrt.dll
0x00007ffe77890000 - 0x00007ffe7799b000 	C:\WINDOWS\System32\gdi32full.dll
0x00007ffe77b80000 - 0x00007ffe77c1d000 	C:\WINDOWS\System32\msvcp_win.dll
0x00007ffe79db0000 - 0x00007ffe79de0000 	C:\WINDOWS\System32\IMM32.DLL
0x00007ffe17ef0000 - 0x00007ffe17f8d000 	E:\Program Files\JetBrains\IntelliJ IDEA 2020.2.4\jbr\bin\msvcp140.dll
0x00007ffe1a020000 - 0x00007ffe1aaee000 	E:\Program Files\JetBrains\IntelliJ IDEA 2020.2.4\jbr\bin\server\jvm.dll
0x00007ffe78340000 - 0x00007ffe783ec000 	C:\WINDOWS\System32\ADVAPI32.dll
0x00007ffe795d0000 - 0x00007ffe7966c000 	C:\WINDOWS\System32\sechost.dll
0x00007ffe79670000 - 0x00007ffe7979b000 	C:\WINDOWS\System32\RPCRT4.dll
0x00007ffe78e70000 - 0x00007ffe78e78000 	C:\WINDOWS\System32\PSAPI.DLL
0x00007ffe5c880000 - 0x00007ffe5c889000 	C:\WINDOWS\SYSTEM32\WSOCK32.dll
0x00007ffe65130000 - 0x00007ffe65157000 	C:\WINDOWS\SYSTEM32\WINMM.dll
0x00007ffe71490000 - 0x00007ffe7149a000 	C:\WINDOWS\SYSTEM32\VERSION.dll
0x00007ffe79d40000 - 0x00007ffe79dab000 	C:\WINDOWS\System32\WS2_32.dll
0x00007ffe76170000 - 0x00007ffe76182000 	C:\WINDOWS\SYSTEM32\kernel.appcore.dll
0x00007ffe72bb0000 - 0x00007ffe72bc1000 	E:\Program Files\JetBrains\IntelliJ IDEA 2020.2.4\jbr\bin\verify.dll
0x00007ffe75140000 - 0x00007ffe75324000 	C:\WINDOWS\SYSTEM32\DBGHELP.DLL
0x00007ffe5c910000 - 0x00007ffe5c93c000 	C:\WINDOWS\SYSTEM32\dbgcore.DLL
0x00007ffe78130000 - 0x00007ffe781b0000 	C:\WINDOWS\System32\bcryptPrimitives.dll
0x00007ffe71ad0000 - 0x00007ffe71af9000 	E:\Program Files\JetBrains\IntelliJ IDEA 2020.2.4\jbr\bin\java.dll
0x00007ffe72ba0000 - 0x00007ffe72bab000 	E:\Program Files\JetBrains\IntelliJ IDEA 2020.2.4\jbr\bin\jimage.dll
0x00007ffe71a70000 - 0x00007ffe71a88000 	E:\Program Files\JetBrains\IntelliJ IDEA 2020.2.4\jbr\bin\zip.dll
0x00007ffe78e80000 - 0x00007ffe795c2000 	C:\WINDOWS\System32\SHELL32.dll
0x00007ffe759d0000 - 0x00007ffe76160000 	C:\WINDOWS\SYSTEM32\windows.storage.dll
0x00007ffe78b10000 - 0x00007ffe78e65000 	C:\WINDOWS\System32\combase.dll
0x00007ffe77300000 - 0x00007ffe7732c000 	C:\WINDOWS\SYSTEM32\Wldp.dll
0x00007ffe79a00000 - 0x00007ffe79aae000 	C:\WINDOWS\System32\SHCORE.dll
0x00007ffe79e70000 - 0x00007ffe79ec5000 	C:\WINDOWS\System32\shlwapi.dll
0x00007ffe777d0000 - 0x00007ffe777ef000 	C:\WINDOWS\SYSTEM32\profapi.dll
0x00007ffe71a50000 - 0x00007ffe71a6a000 	E:\Program Files\JetBrains\IntelliJ IDEA 2020.2.4\jbr\bin\net.dll
0x00007ffe60a90000 - 0x00007ffe60b9c000 	C:\WINDOWS\SYSTEM32\WINHTTP.dll
0x00007ffe77080000 - 0x00007ffe770ea000 	C:\WINDOWS\system32\mswsock.dll
0x00007ffe70c50000 - 0x00007ffe70c64000 	E:\Program Files\JetBrains\IntelliJ IDEA 2020.2.4\jbr\bin\nio.dll
0x00007ffe3fd20000 - 0x00007ffe3fd46000 	C:\Users\mrmro\.gradle\native\31\windows-amd64\native-platform.dll
0x00007ffe71ac0000 - 0x00007ffe71aca000 	E:\Program Files\JetBrains\IntelliJ IDEA 2020.2.4\jbr\bin\management.dll
0x00007ffe70b10000 - 0x00007ffe70b1c000 	E:\Program Files\JetBrains\IntelliJ IDEA 2020.2.4\jbr\bin\management_ext.dll
0x00007ffe77250000 - 0x00007ffe77268000 	C:\WINDOWS\SYSTEM32\CRYPTSP.dll
0x00007ffe769b0000 - 0x00007ffe769e4000 	C:\WINDOWS\system32\rsaenh.dll
0x00007ffe78050000 - 0x00007ffe78077000 	C:\WINDOWS\System32\bcrypt.dll
0x00007ffe77750000 - 0x00007ffe7777e000 	C:\WINDOWS\SYSTEM32\USERENV.dll
0x00007ffe77270000 - 0x00007ffe7727c000 	C:\WINDOWS\SYSTEM32\CRYPTBASE.dll
0x00007ffe76d20000 - 0x00007ffe76d5b000 	C:\WINDOWS\SYSTEM32\IPHLPAPI.DLL
0x00007ffe78330000 - 0x00007ffe78338000 	C:\WINDOWS\System32\NSI.dll
0x00007ffe6f010000 - 0x00007ffe6f027000 	C:\WINDOWS\SYSTEM32\dhcpcsvc6.DLL
0x00007ffe70f00000 - 0x00007ffe70f1d000 	C:\WINDOWS\SYSTEM32\dhcpcsvc.DLL
0x00007ffe76d60000 - 0x00007ffe76e2b000 	C:\WINDOWS\SYSTEM32\DNSAPI.dll
0x00007ffe6fa80000 - 0x00007ffe6faa8000 	E:\Program Files\JetBrains\IntelliJ IDEA 2020.2.4\jbr\bin\sunec.dll
0x00007ffe71580000 - 0x00007ffe7158a000 	C:\Windows\System32\rasadhlp.dll
0x00007ffe6bbe0000 - 0x00007ffe6bc5f000 	C:\WINDOWS\System32\fwpuclnt.dll
0x00007ffe765e0000 - 0x00007ffe76613000 	C:\WINDOWS\SYSTEM32\ntmarta.dll

dbghelp: loaded successfully - version: 4.0.5 - missing functions: none
symbol engine: initialized successfully - sym options: 0x614 - pdb path: .;E:\Program Files\JetBrains\IntelliJ IDEA 2020.2.4\jbr\bin;C:\WINDOWS\SYSTEM32;C:\WINDOWS\WinSxS\amd64_microsoft.windows.common-controls_6595b64144ccf1df_6.0.19041.844_none_ca00b6081b84eb1d;E:\Program Files\JetBrains\IntelliJ IDEA 2020.2.4\jbr\bin\server;C:\Users\mrmro\.gradle\native\31\windows-amd64

VM Arguments:
jvm_args: --add-opens=java.base/java.util=ALL-UNNAMED --add-opens=java.base/java.lang=ALL-UNNAMED --add-opens=java.base/java.lang.invoke=ALL-UNNAMED --add-opens=java.prefs/java.util.prefs=ALL-UNNAMED -Xmx2048m -Dfile.encoding=windows-1250 -Duser.country=PL -Duser.language=pl -Duser.variant 
java_command: org.gradle.launcher.daemon.bootstrap.GradleDaemon 6.1.1
java_class_path (initial): C:\Users\mrmro\.gradle\wrapper\dists\gradle-6.1.1-all\cfmwm155h49vnt3hynmlrsdst\gradle-6.1.1\lib\gradle-launcher-6.1.1.jar
Launcher Type: SUN_STANDARD

[Global flags]
     intx CICompilerCount                          = 4                                         {product} {ergonomic}
     uint ConcGCThreads                            = 2                                         {product} {ergonomic}
     uint G1ConcRefinementThreads                  = 8                                         {product} {ergonomic}
   size_t G1HeapRegionSize                         = 1048576                                   {product} {ergonomic}
    uintx GCDrainStackTargetSize                   = 64                                        {product} {ergonomic}
   size_t InitialHeapSize                          = 266338304                                 {product} {ergonomic}
   size_t MarkStackSize                            = 4194304                                   {product} {ergonomic}
   size_t MaxHeapSize                              = 2147483648                                {product} {command line}
   size_t MaxNewSize                               = 1287651328                                {product} {ergonomic}
   size_t MinHeapDeltaBytes                        = 1048576                                   {product} {ergonomic}
    uintx NonNMethodCodeHeapSize                   = 5836300                                {pd product} {ergonomic}
    uintx NonProfiledCodeHeapSize                  = 122910970                              {pd product} {ergonomic}
    uintx ProfiledCodeHeapSize                     = 122910970                              {pd product} {ergonomic}
    uintx ReservedCodeCacheSize                    = 251658240                              {pd product} {ergonomic}
     bool SegmentedCodeCache                       = true                                      {product} {ergonomic}
     bool UseCompressedClassPointers               = true                                 {lp64_product} {ergonomic}
     bool UseCompressedOops                        = true                                 {lp64_product} {ergonomic}
     bool UseG1GC                                  = true                                      {product} {ergonomic}
     bool UseLargePagesIndividualAllocation        = false                                  {pd product} {ergonomic}

Logging:
Log output configuration:
 #0: stdout all=warning uptime,level,tags
 #1: stderr all=off uptime,level,tags

Environment Variables:
PATH=C:\Program Files (x86)\Common Files\Oracle\Java\javapath;C:\Program Files\Microsoft MPI\Bin\;C:\Program Files (x86)\Intel\iCLS Client\;c:\program files\intel\icls client\;c:\windows\system32;c:\windows;c:\windows\system32\wbem;c:\windows\system32\windowspowershell\v1.0\;c:\program files (x86)\common files\lenovo\easyplussdk\bin;c:\program files\intel\wifi\bin\;c:\program files\common files\intel\wirelesscommon\;c:\program files\calibre2\;c:\program files\git\cmd;c:\windows\system32\openssh\;C:\Program Files (x86)\NVIDIA Corporation\PhysX\Common;C:\Program Files\Microsoft VS Code\bin;C:\Program Files (x86)\Intel\Intel(R) Management Engine Components\DAL;C:\Program Files\Intel\Intel(R) Management Engine Components\DAL;C:\Program Files (x86)\Intel\Intel(R) Management Engine Components\IPT;C:\Program Files\Intel\Intel(R) Management Engine Components\IPT;C:\Program Files\dotnet\;C:\WINDOWS\system32;C:\WINDOWS;C:\WINDOWS\System32\Wbem;C:\WINDOWS\System32\WindowsPowerShell\v1.0\;C:\WINDOWS\System32\OpenSSH\;C:\Program Files (x86)\Microsoft SQL Server\150\Tools\Binn\;C:\Program Files\Microsoft SQL Server\150\Tools\Binn\;C:\Program Files (x86)\Microsoft SQL Server\150\DTS\Binn\;C:\Program Files\Microsoft SQL Server\150\DTS\Binn\;C:\Program Files\Microsoft SQL Server\Client SDK\ODBC\170\Tools\Binn\;E:\php;C:\Program Files\Git\cmd;C:\Users\mrmro\AppData\Local\Programs\Python\Python38\Scripts\;C:\Users\mrmro\AppData\Local\Programs\Python\Python38\;C:\Users\mrmro\AppData\Local\Microsoft\WindowsApps;C:\Users\mrmro\AppData\Local\atom\bin;C:\Users\mrmro\AppData\Local\Microsoft\WindowsApps;C:\Program Files\Microsoft VS Code\bin;e:\Program Files (x86)\Nmap;C:\Users\mrmro\.dotnet\tools;;E:\Program Files\JetBrains\PhpStorm 2020.2.3\bin;;E:\Program Files\JetBrains\IntelliJ IDEA 2020.2.4\bin;;E:\Program Files\JetBrains\JetBrains Rider 2020.3.3\bin;;E:\Program Files\JetBrains\PyCharm 2020.3.4\bin;
USERNAME=mrmro
OS=Windows_NT
PROCESSOR_IDENTIFIER=Intel64 Family 6 Model 94 Stepping 3, GenuineIntel



---------------  S Y S T E M  ---------------

OS: Windows 10 , 64 bit Build 19041 (10.0.19041.804)
OS uptime: 2 days 15:13 hours

CPU:total 8 (initial active 8) (4 cores per cpu, 2 threads per core) family 6 model 94 stepping 3, cmov, cx8, fxsr, mmx, sse, sse2, sse3, ssse3, sse4.1, sse4.2, popcnt, avx, avx2, aes, clmul, erms, rtm, 3dnowpref, lzcnt, ht, tsc, tscinvbit, bmi1, bmi2, adx, fma

Memory: 4k page, system-wide physical 16178M (2166M free)
TotalPageFile size 19378M (AvailPageFile size 190M)
current process WorkingSet (physical memory assigned to process): 585M, peak: 657M
current process commit charge ("private bytes"): 623M, peak: 727M

vm_info: OpenJDK 64-Bit Server VM (11.0.9.1+11-b1145.63) for windows-amd64 JRE (11.0.9.1+11-b1145.63), built on Dec 21 2020 13:58:54 by "" with MS VC++ 14.0 (VS2015)

END.
